<?xml version="1.0" encoding="UTF-8"?>
<!-- Generated by org.testng.reporters.JUnitReportReporter -->
<testsuite hostname="Sakthi_Subz" failures="0" tests="1" name="org.example.Parameters" time="2.912" errors="0" timestamp="2023-05-11T10:46:39 IST" skipped="0">
  <testcase classname="org.example.Parameters" name="testparameters" time="2.912"/>
  <system-out/>
</testsuite> <!-- org.example.Parameters -->
